# JRE version: Java(TM) SE Runtime Environment (8.0_60-b27) (build 1.8.0_60-b27)
# Java VM: Java HotSpot(TM) 64-Bit Server VM (25.60-b23 mixed mode windows-amd64 compressed oops)
Heap:
 PSYoungGen      total 136704K, used 58049K [0x00000000eb400000, 0x00000000f4680000, 0x0000000100000000)
  eden space 124928K, 46% used [0x00000000eb400000,0x00000000eecb05d8,0x00000000f2e00000)
  from space 11776K, 0% used [0x00000000f2e00000,0x00000000f2e00000,0x00000000f3980000)
  to   space 11776K, 0% used [0x00000000f3b00000,0x00000000f3b00000,0x00000000f4680000)
 ParOldGen       total 55808K, used 19624K [0x00000000c1c00000, 0x00000000c5280000, 0x00000000eb400000)
  object space 55808K, 35% used [0x00000000c1c00000,0x00000000c2f2a390,0x00000000c5280000)
 Metaspace       used 43951K, capacity 46320K, committed 46976K, reserved 1091584K
  class space    used 6002K, capacity 6453K, committed 6528K, reserved 1048576K
GC Heap History (10 events):
Event: 24.395 GC heap before
{Heap before GC invocations=19 (full 4):
 PSYoungGen      total 136704K, used 96K [0x00000000eb400000, 0x00000000f4f80000, 0x0000000100000000)
  eden space 128512K, 0% used [0x00000000eb400000,0x00000000eb400000,0x00000000f3180000)
  from space 8192K, 1% used [0x00000000f3180000,0x00000000f3198000,0x00000000f3980000)
  to   space 6144K, 0% used [0x00000000f3980000,0x00000000f3980000,0x00000000f3f80000)
 ParOldGen       total 55808K, used 25736K [0x00000000c1c00000, 0x00000000c5280000, 0x00000000eb400000)
  object space 55808K, 46% used [0x00000000c1c00000,0x00000000c35223c8,0x00000000c5280000)
 Metaspace       used 39136K, capacity 41604K, committed 41728K, reserved 1091584K
  class space    used 5377K, capacity 5855K, committed 5888K, reserved 1048576K
Event: 24.462 GC heap after
Heap after GC invocations=19 (full 4):
 PSYoungGen      total 136704K, used 0K [0x00000000eb400000, 0x00000000f4f80000, 0x0000000100000000)
  eden space 128512K, 0% used [0x00000000eb400000,0x00000000eb400000,0x00000000f3180000)
  from space 8192K, 0% used [0x00000000f3180000,0x00000000f3180000,0x00000000f3980000)
  to   space 6144K, 0% used [0x00000000f3980000,0x00000000f3980000,0x00000000f3f80000)
 ParOldGen       total 55808K, used 23428K [0x00000000c1c00000, 0x00000000c5280000, 0x00000000eb400000)
  object space 55808K, 41% used [0x00000000c1c00000,0x00000000c32e1040,0x00000000c5280000)
 Metaspace       used 39136K, capacity 41604K, committed 41728K, reserved 1087488K
  class space    used 5377K, capacity 5855K, committed 5888K, reserved 1048576K
}
Event: 24.462 GC heap before
{Heap before GC invocations=20 (full 4):
 PSYoungGen      total 136704K, used 0K [0x00000000eb400000, 0x00000000f4f80000, 0x0000000100000000)
  eden space 128512K, 0% used [0x00000000eb400000,0x00000000eb400000,0x00000000f3180000)
  from space 8192K, 0% used [0x00000000f3180000,0x00000000f3180000,0x00000000f3980000)
  to   space 6144K, 0% used [0x00000000f3980000,0x00000000f3980000,0x00000000f3f80000)
 ParOldGen       total 55808K, used 23428K [0x00000000c1c00000, 0x00000000c5280000, 0x00000000eb400000)
  object space 55808K, 41% used [0x00000000c1c00000,0x00000000c32e1040,0x00000000c5280000)
 Metaspace       used 39136K, capacity 41604K, committed 41728K, reserved 1091584K
  class space    used 5377K, capacity 5855K, committed 5888K, reserved 1048576K
Event: 24.464 GC heap after
Heap after GC invocations=20 (full 4):
 PSYoungGen      total 131072K, used 0K [0x00000000eb400000, 0x00000000f4c80000, 0x0000000100000000)
  eden space 124928K, 0% used [0x00000000eb400000,0x00000000eb400000,0x00000000f2e00000)
  from space 6144K, 0% used [0x00000000f3980000,0x00000000f3980000,0x00000000f3f80000)
  to   space 11776K, 0% used [0x00000000f2e00000,0x00000000f2e00000,0x00000000f3980000)
 ParOldGen       total 55808K, used 23428K [0x00000000c1c00000, 0x00000000c5280000, 0x00000000eb400000)
  object space 55808K, 41% used [0x00000000c1c00000,0x00000000c32e1040,0x00000000c5280000)
 Metaspace       used 39136K, capacity 41604K, committed 41728K, reserved 1091584K
  class space    used 5377K, capacity 5855K, committed 5888K, reserved 1048576K
}
Event: 24.464 GC heap before
{Heap before GC invocations=21 (full 5):
 PSYoungGen      total 131072K, used 0K [0x00000000eb400000, 0x00000000f4c80000, 0x0000000100000000)
  eden space 124928K, 0% used [0x00000000eb400000,0x00000000eb400000,0x00000000f2e00000)
  from space 6144K, 0% used [0x00000000f3980000,0x00000000f3980000,0x00000000f3f80000)
  to   space 11776K, 0% used [0x00000000f2e00000,0x00000000f2e00000,0x00000000f3980000)
 ParOldGen       total 55808K, used 23428K [0x00000000c1c00000, 0x00000000c5280000, 0x00000000eb400000)
  object space 55808K, 41% used [0x00000000c1c00000,0x00000000c32e1040,0x00000000c5280000)
 Metaspace       used 39136K, capacity 41604K, committed 41728K, reserved 1091584K
  class space    used 5377K, capacity 5855K, committed 5888K, reserved 1048576K
Event: 24.635 GC heap after
Heap after GC invocations=21 (full 5):
 PSYoungGen      total 131072K, used 0K [0x00000000eb400000, 0x00000000f4c80000, 0x0000000100000000)
  eden space 124928K, 0% used [0x00000000eb400000,0x00000000eb400000,0x00000000f2e00000)
  from space 6144K, 0% used [0x00000000f3980000,0x00000000f3980000,0x00000000f3f80000)
  to   space 11776K, 0% used [0x00000000f2e00000,0x00000000f2e00000,0x00000000f3980000)
 ParOldGen       total 55808K, used 18854K [0x00000000c1c00000, 0x00000000c5280000, 0x00000000eb400000)
  object space 55808K, 33% used [0x00000000c1c00000,0x00000000c2e69a58,0x00000000c5280000)
 Metaspace       used 39136K, capacity 41604K, committed 41728K, reserved 1087488K
  class space    used 5377K, capacity 5855K, committed 5888K, reserved 1048576K
}
Event: 24.954 GC heap before
{Heap before GC invocations=22 (full 5):
 PSYoungGen      total 131072K, used 28181K [0x00000000eb400000, 0x00000000f4c80000, 0x0000000100000000)
  eden space 124928K, 22% used [0x00000000eb400000,0x00000000ecf85500,0x00000000f2e00000)
  from space 6144K, 0% used [0x00000000f3980000,0x00000000f3980000,0x00000000f3f80000)
  to   space 11776K, 0% used [0x00000000f2e00000,0x00000000f2e00000,0x00000000f3980000)
 ParOldGen       total 55808K, used 18854K [0x00000000c1c00000, 0x00000000c5280000, 0x00000000eb400000)
  object space 55808K, 33% used [0x00000000c1c00000,0x00000000c2e69a58,0x00000000c5280000)
 Metaspace       used 40857K, capacity 43358K, committed 43520K, reserved 1091584K
  class space    used 5593K, capacity 6062K, committed 6144K, reserved 1048576K
Event: 24.959 GC heap after
Heap after GC invocations=22 (full 5):
 PSYoungGen      total 136704K, used 2508K [0x00000000eb400000, 0x00000000f4680000, 0x0000000100000000)
  eden space 124928K, 0% used [0x00000000eb400000,0x00000000eb400000,0x00000000f2e00000)
  from space 11776K, 21% used [0x00000000f2e00000,0x00000000f3073150,0x00000000f3980000)
  to   space 11776K, 0% used [0x00000000f3b00000,0x00000000f3b00000,0x00000000f4680000)
 ParOldGen       total 55808K, used 18854K [0x00000000c1c00000, 0x00000000c5280000, 0x00000000eb400000)
  object space 55808K, 33% used [0x00000000c1c00000,0x00000000c2e69a58,0x00000000c5280000)
 Metaspace       used 40857K, capacity 43358K, committed 43520K, reserved 1091584K
  class space    used 5593K, capacity 6062K, committed 6144K, reserved 1048576K
}
Event: 24.959 GC heap before
{Heap before GC invocations=23 (full 6):
 PSYoungGen      total 136704K, used 2508K [0x00000000eb400000, 0x00000000f4680000, 0x0000000100000000)
  eden space 124928K, 0% used [0x00000000eb400000,0x00000000eb400000,0x00000000f2e00000)
  from space 11776K, 21% used [0x00000000f2e00000,0x00000000f3073150,0x00000000f3980000)
  to   space 11776K, 0% used [0x00000000f3b00000,0x00000000f3b00000,0x00000000f4680000)
 ParOldGen       total 55808K, used 18854K [0x00000000c1c00000, 0x00000000c5280000, 0x00000000eb400000)
  object space 55808K, 33% used [0x00000000c1c00000,0x00000000c2e69a58,0x00000000c5280000)
 Metaspace       used 40857K, capacity 43358K, committed 43520K, reserved 1091584K
  class space    used 5593K, capacity 6062K, committed 6144K, reserved 1048576K
Event: 25.034 GC heap after
Heap after GC invocations=23 (full 6):
 PSYoungGen      total 136704K, used 0K [0x00000000eb400000, 0x00000000f4680000, 0x0000000100000000)
  eden space 124928K, 0% used [0x00000000eb400000,0x00000000eb400000,0x00000000f2e00000)
  from space 11776K, 0% used [0x00000000f2e00000,0x00000000f2e00000,0x00000000f3980000)
  to   space 11776K, 0% used [0x00000000f3b00000,0x00000000f3b00000,0x00000000f4680000)
 ParOldGen       total 55808K, used 19624K [0x00000000c1c00000, 0x00000000c5280000, 0x00000000eb400000)
  object space 55808K, 35% used [0x00000000c1c00000,0x00000000c2f2a390,0x00000000c5280000)
 Metaspace       used 40567K, capacity 42894K, committed 43520K, reserved 1089536K
  class space    used 5547K, capacity 5980K, committed 6144K, reserved 1048576K
}

